{
  "stats": {
    "suites": 1,
    "tests": 2,
    "passes": 2,
    "pending": 0,
    "failures": 0,
    "start": "2024-05-29T09:57:42.058Z",
    "end": "2024-05-29T09:58:00.569Z",
    "duration": 18511,
    "testsRegistered": 2,
    "passPercent": 100,
    "pendingPercent": 0,
    "other": 0,
    "hasOther": false,
    "skipped": 0,
    "hasSkipped": false
  },
  "results": [
    {
      "uuid": "780358aa-48c5-472b-9dce-8e139cd27ca7",
      "title": "",
      "fullFile": "cypress\\e2e\\pomdemo.cy.js",
      "file": "cypress\\e2e\\pomdemo.cy.js",
      "beforeHooks": [],
      "afterHooks": [],
      "tests": [],
      "suites": [
        {
          "uuid": "71287182-2eca-41ed-ae1e-5575853945b2",
          "title": "all tests",
          "fullFile": "",
          "file": "",
          "beforeHooks": [],
          "afterHooks": [],
          "tests": [
            {
              "title": "pom demo 1",
              "fullTitle": "all tests pom demo 1",
              "timedOut": null,
              "duration": 6875,
              "state": "passed",
              "speed": "medium",
              "pass": true,
              "fail": false,
              "pending": false,
              "context": "{\n  \"title\": \"cypress-mochawesome-reporter-videos-passed\",\n  \"value\": \"cypress\\\\e2e\\\\pomdemo.cy.js\"\n}",
              "code": "cy.visit('https://opensource-demo.orangehrmlive.com/web/index.php/auth/login');\nloginPage.username('Admin');\nloginPage.password('admin123');\nloginPage.clicklogin();\ncy.get(':nth-child(6) > .oxd-main-menu-item > .oxd-text').click();\ncy.get('.orangehrm-edit-employee-content > :nth-child(1) > .oxd-text--h6').should('contain', 'Personal Details');",
              "err": {},
              "uuid": "da3b99ed-92eb-4cee-b270-93913663700a",
              "parentUUID": "71287182-2eca-41ed-ae1e-5575853945b2",
              "isHook": false,
              "skipped": false
            },
            {
              "title": "pom demo 2",
              "fullTitle": "all tests pom demo 2",
              "timedOut": null,
              "duration": 8159,
              "state": "passed",
              "speed": "medium",
              "pass": true,
              "fail": false,
              "pending": false,
              "context": "[\n  {\n    \"title\": \"cypress-mochawesome-reporter-videos-passed\",\n    \"value\": \"cypress\\\\e2e\\\\pomdemo.cy.js\"\n  },\n  {\n    \"title\": \"cypress-mochawesome-reporter-screenshots\",\n    \"value\": [\n      [\n        \"\\\\pomdemo.cy.js\\\\all tests -- pom demo 2.png\"\n      ]\n    ]\n  }\n]",
              "code": "cy.visit('https://opensource-demo.orangehrmlive.com/web/index.php/auth/login');\nloginPage.username('Admin');\nloginPage.password('admin123');\nloginPage.clicklogin();\ncy.get(':nth-child(6) > .oxd-main-menu-item > .oxd-text').click();\ncy.get('.orangehrm-edit-employee-content > :nth-child(1) > .oxd-text--h6').should('contain', 'Personal Details');\ncy.screenshot();\ncy.go('back');",
              "err": {},
              "uuid": "3cda366b-6b4a-4906-a83e-9dc5ec020bf1",
              "parentUUID": "71287182-2eca-41ed-ae1e-5575853945b2",
              "isHook": false,
              "skipped": false
            }
          ],
          "suites": [],
          "passes": [
            "da3b99ed-92eb-4cee-b270-93913663700a",
            "3cda366b-6b4a-4906-a83e-9dc5ec020bf1"
          ],
          "failures": [],
          "pending": [],
          "skipped": [],
          "duration": 15034,
          "root": false,
          "rootEmpty": false,
          "_timeout": 2000
        }
      ],
      "passes": [],
      "failures": [],
      "pending": [],
      "skipped": [],
      "duration": 0,
      "root": true,
      "rootEmpty": true,
      "_timeout": 2000
    }
  ],
  "meta": {
    "mocha": {
      "version": "7.0.1"
    },
    "mochawesome": {
      "options": {
        "quiet": false,
        "reportFilename": "mochawesome",
        "saveHtml": true,
        "saveJson": true,
        "consoleReporter": "spec",
        "useInlineDiffs": false,
        "code": true
      },
      "version": "7.1.3"
    },
    "marge": {
      "options": {
        "charts": true,
        "reportPageTitle": "custom-title",
        "embeddedScreenshots": true,
        "inlineAssets": true,
        "saveAllAttempts": false
      },
      "version": "6.2.0"
    }
  }
}